<?xml version="1.0" encoding="UTF-8"?>
<testng-results ignored="0" total="1" passed="1" failed="0" skipped="0">
  <reporter-output>
  </reporter-output>
  <suite started-at="2020-10-05T16:08:02 IST" name="Gradle suite" finished-at="2020-10-05T16:08:19 IST" duration-ms="16619">
    <groups>
    </groups>
    <test started-at="2020-10-05T16:08:02 IST" name="Gradle test" finished-at="2020-10-05T16:08:19 IST" duration-ms="16619">
      <class name="TestClass">
        <test-method is-config="true" signature="testSetup()[pri:0, instance:TestClass@4a8bd8e3]" started-at="2020-10-05T16:08:02 IST" name="testSetup" finished-at="2020-10-05T16:08:04 IST" duration-ms="1667" status="PASS">
          <reporter-output>
          </reporter-output>
        </test-method> <!-- testSetup -->
        <test-method signature="test()[pri:0, instance:TestClass@4a8bd8e3]" started-at="2020-10-05T16:08:04 IST" name="test" finished-at="2020-10-05T16:08:19 IST" duration-ms="14775" status="PASS">
          <reporter-output>
          </reporter-output>
        </test-method> <!-- test -->
        <test-method is-config="true" signature="tearDown()[pri:0, instance:TestClass@4a8bd8e3]" started-at="2020-10-05T16:08:19 IST" name="tearDown" finished-at="2020-10-05T16:08:19 IST" duration-ms="156" status="PASS">
          <reporter-output>
          </reporter-output>
        </test-method> <!-- tearDown -->
      </class> <!-- TestClass -->
    </test> <!-- Gradle test -->
  </suite> <!-- Gradle suite -->
</testng-results>
